[2023-11-11T18:18:59.527Z] Solo game room launched
[2023-11-11T18:18:59.700Z] A User connected: R2UoQg66nEtAHqctIkEdHe0c9lXMuZLp
[2023-11-11T18:18:59.717Z] User disconnected: R2UoQg66nEtAHqctIkEdHe0c9lXMuZLp
[2023-11-11T18:18:59.728Z] Solo game room launched
[2023-11-11T18:19:11.447Z] A User connected: ck5FJdyJSB9vMuJXBjwDOUbhvY7mVqHN
[2023-11-11T18:19:15.884Z] User disconnected: ck5FJdyJSB9vMuJXBjwDOUbhvY7mVqHN
[2023-11-11T18:19:15.912Z] Solo game room launched
[2023-11-11T18:19:22.125Z] A User connected: ck5FJdyJSB9vMuJXBjwDOUbhvY7mVqHN
[2023-11-11T18:19:24.725Z] User disconnected: ck5FJdyJSB9vMuJXBjwDOUbhvY7mVqHN
[2023-11-11T18:19:24.753Z] Solo game room launched
[2023-11-11T18:19:26.488Z] A User connected: ck5FJdyJSB9vMuJXBjwDOUbhvY7mVqHN
[2023-11-11T18:19:28.068Z] A User connected: PYO4Gyq-ylcjF-IBoNAlnNO2hCKE0X4R
[2023-11-11T18:19:30.957Z] User disconnected: PYO4Gyq-ylcjF-IBoNAlnNO2hCKE0X4R
[2023-11-11T18:19:30.977Z] Solo game room launched
[2023-11-11T18:19:33.794Z] Solo game room launched
[2023-11-11T18:19:36.163Z] A User connected: AFdvAMBmRqlcoY8rxjbCsh1cr1G7-2eh
[2023-11-11T18:19:38.659Z] Solo game room launched
[2023-11-11T18:19:38.847Z] User disconnected: ck5FJdyJSB9vMuJXBjwDOUbhvY7mVqHN
[2023-11-11T18:19:38.874Z] Solo game room launched
[2023-11-11T18:19:40.669Z] A User connected: ck5FJdyJSB9vMuJXBjwDOUbhvY7mVqHN
[2023-11-11T18:19:43.065Z] A User connected: PYO4Gyq-ylcjF-IBoNAlnNO2hCKE0X4R
[2023-11-11T18:19:45.244Z] User disconnected: AFdvAMBmRqlcoY8rxjbCsh1cr1G7-2eh
[2023-11-11T18:19:45.255Z] Solo game room launched
[2023-11-11T18:19:57.587Z] User disconnected: ck5FJdyJSB9vMuJXBjwDOUbhvY7mVqHN
[2023-11-11T18:19:57.618Z] Solo game room launched
[2023-11-11T18:20:00.282Z] Solo game room launched
[2023-11-11T18:20:09.054Z] Solo game room launched
[2023-11-11T18:20:11.123Z] Solo game room launched
[2023-11-11T18:20:38.873Z] A User connected: AFdvAMBmRqlcoY8rxjbCsh1cr1G7-2eh
[2023-11-11T18:20:39.614Z] User disconnected: PYO4Gyq-ylcjF-IBoNAlnNO2hCKE0X4R
[2023-11-11T18:20:42.849Z] Solo game room launched
[2023-11-11T18:20:43.948Z] A User connected: ck5FJdyJSB9vMuJXBjwDOUbhvY7mVqHN
[2023-11-11T18:22:39.091Z] Solo game room launched
